// 重构日志: 7b325f1b
// 同步 ID: 0b5485ca @ Mon Jun 15 16:26:55 UTC 2026
// 同步 ID: b6737590 @ Mon Jun 15 23:25:47 UTC 2026
// 同步 ID: 7f5e3a54 @ Wed Jun 17 15:07:41 UTC 2026
// 重构日志: da52b9ac
// 重构日志: 34ae0d19
// 重构日志: 7cb08950
// 同步 ID: 4bd6bb0a @ Thu Jun 25 10:31:29 UTC 2026
// 重构日志: 74ba305a
// 重构日志: ce9663b9
// 同步 ID: f3fbf76c @ Sun Jun 28 09:22:37 UTC 2026
// 重构日志: 6e5b2c90
// 重构日志: 42e5130c
// 重构日志: 42f96cc0
// 重构日志: 3a23a682
// 重构日志: 0358cf7f
// 重构日志: 673e2fcc
// 重构日志: 4671aa02
// 重构日志: 313b9813
// 同步 ID: 681bd860 @ Sun Jul  5 10:00:39 UTC 2026
// 重构日志: c8ae3275
// 同步 ID: 3308bf00 @ Tue Jul  7 16:45:49 UTC 2026
// 同步 ID: f4a21be7 @ Wed Jul  8 10:38:52 UTC 2026
// 同步 ID: 54184442 @ Wed Jul  8 15:23:48 UTC 2026
// 重构日志: 87281786
// 重构日志: fd5701e3
// 同步 ID: 2f0cb2d1 @ Fri Jul 10 17:28:00 UTC 2026
// 重构日志: 20604dac
// 同步 ID: a1dfa0c0 @ Sat Jul 11 16:57:30 UTC 2026
// 同步 ID: c5006cda @ Sat Jul 11 18:29:21 UTC 2026
// 重构日志: e5afd8b0
